2025-09-08 13:41:12,964 DEBUG    root            Loaded Command Group: ['gcloud', 'components']
2025-09-08 13:41:12,966 DEBUG    root            Loaded Command Group: ['gcloud', 'components', 'update']
2025-09-08 13:41:12,968 DEBUG    root            Running [gcloud.components.update] with arguments: [--quiet: "True", COMPONENT-IDS:8: "['gcloud', 'core', 'bq', 'gsutil', 'compute', 'preview', 'alpha', 'beta']"]
2025-09-08 13:41:12,969 INFO     ___FILE_ONLY___ Beginning update. This process may take several minutes.

2025-09-08 13:41:12,977 DEBUG    urllib3.connectionpool Starting new HTTPS connection (1): dl.google.com:443
2025-09-08 13:41:13,057 DEBUG    urllib3.connectionpool https://dl.google.com:443 "GET /dl/cloudsdk/channels/rapid/components-2.json HTTP/11" 200 233150
2025-09-08 13:41:13,068 WARNING  root            Component [compute] no longer exists.
2025-09-08 13:41:13,069 INFO     ___FILE_ONLY___ 

2025-09-08 13:41:13,070 INFO     ___FILE_ONLY___ 
Your current Google Cloud CLI version is: 537.0.0

2025-09-08 13:41:13,070 INFO     ___FILE_ONLY___ Installing components from version: 537.0.0

2025-09-08 13:41:13,070 INFO     ___FILE_ONLY___ 

2025-09-08 13:41:13,070 DEBUG    root            Chosen display Format:table[box,title="These components will be removed."](details.display_name:label=Name:align=left,version.version_string:label=Version:align=right,data.size.size(zero="",min=1048576):label=Size:align=right)
2025-09-08 13:41:13,070 DEBUG    root            Chosen display Format:table[box,title="These components will be updated."](details.display_name:label=Name:align=left,version.version_string:label=Version:align=right,data.size.size(zero="",min=1048576):label=Size:align=right)
2025-09-08 13:41:13,071 DEBUG    root            Chosen display Format:table[box,title="These components will be installed."](details.display_name:label=Name:align=left,version.version_string:label=Version:align=right,data.size.size(zero="",min=1048576):label=Size:align=right)
2025-09-08 13:41:13,086 INFO     ___FILE_ONLY___ ┌────────────────────────────────────────────────┐
2025-09-08 13:41:13,086 INFO     ___FILE_ONLY___ 

2025-09-08 13:41:13,086 INFO     ___FILE_ONLY___ │      These components will be installed.       │
2025-09-08 13:41:13,087 INFO     ___FILE_ONLY___ 

2025-09-08 13:41:13,087 INFO     ___FILE_ONLY___ ├─────────────────────────┬────────────┬─────────┤
2025-09-08 13:41:13,087 INFO     ___FILE_ONLY___ 

2025-09-08 13:41:13,087 INFO     ___FILE_ONLY___ │           Name          │  Version   │   Size  │
2025-09-08 13:41:13,087 INFO     ___FILE_ONLY___ 

2025-09-08 13:41:13,087 INFO     ___FILE_ONLY___ ├─────────────────────────┼────────────┼─────────┤
2025-09-08 13:41:13,087 INFO     ___FILE_ONLY___ 

2025-09-08 13:41:13,087 INFO     ___FILE_ONLY___ │ 
2025-09-08 13:41:13,087 INFO     ___FILE_ONLY___ gcloud Alpha Commands  
2025-09-08 13:41:13,087 INFO     ___FILE_ONLY___  
2025-09-08 13:41:13,087 INFO     ___FILE_ONLY___ │ 
2025-09-08 13:41:13,087 INFO     ___FILE_ONLY___ 2025.08.29
2025-09-08 13:41:13,087 INFO     ___FILE_ONLY___  
2025-09-08 13:41:13,087 INFO     ___FILE_ONLY___ │ 
2025-09-08 13:41:13,087 INFO     ___FILE_ONLY___ < 1 MiB
2025-09-08 13:41:13,087 INFO     ___FILE_ONLY___  
2025-09-08 13:41:13,087 INFO     ___FILE_ONLY___ │
2025-09-08 13:41:13,087 INFO     ___FILE_ONLY___ 

2025-09-08 13:41:13,087 INFO     ___FILE_ONLY___ │ 
2025-09-08 13:41:13,087 INFO     ___FILE_ONLY___ gcloud Beta Commands   
2025-09-08 13:41:13,088 INFO     ___FILE_ONLY___  
2025-09-08 13:41:13,088 INFO     ___FILE_ONLY___ │ 
2025-09-08 13:41:13,088 INFO     ___FILE_ONLY___ 2025.08.29
2025-09-08 13:41:13,088 INFO     ___FILE_ONLY___  
2025-09-08 13:41:13,088 INFO     ___FILE_ONLY___ │ 
2025-09-08 13:41:13,088 INFO     ___FILE_ONLY___ < 1 MiB
2025-09-08 13:41:13,088 INFO     ___FILE_ONLY___  
2025-09-08 13:41:13,088 INFO     ___FILE_ONLY___ │
2025-09-08 13:41:13,088 INFO     ___FILE_ONLY___ 

2025-09-08 13:41:13,088 INFO     ___FILE_ONLY___ │ 
2025-09-08 13:41:13,088 INFO     ___FILE_ONLY___ gcloud Preview Commands
2025-09-08 13:41:13,088 INFO     ___FILE_ONLY___  
2025-09-08 13:41:13,088 INFO     ___FILE_ONLY___ │ 
2025-09-08 13:41:13,088 INFO     ___FILE_ONLY___           
2025-09-08 13:41:13,088 INFO     ___FILE_ONLY___  
2025-09-08 13:41:13,088 INFO     ___FILE_ONLY___ │ 
2025-09-08 13:41:13,088 INFO     ___FILE_ONLY___ < 1 MiB
2025-09-08 13:41:13,088 INFO     ___FILE_ONLY___  
2025-09-08 13:41:13,088 INFO     ___FILE_ONLY___ │
2025-09-08 13:41:13,088 INFO     ___FILE_ONLY___ 

2025-09-08 13:41:13,089 INFO     ___FILE_ONLY___ └─────────────────────────┴────────────┴─────────┘
2025-09-08 13:41:13,089 INFO     ___FILE_ONLY___ 

2025-09-08 13:41:13,089 INFO     ___FILE_ONLY___ 

2025-09-08 13:41:13,091 DEBUG    urllib3.connectionpool Starting new HTTPS connection (1): dl.google.com:443
2025-09-08 13:41:13,171 DEBUG    urllib3.connectionpool https://dl.google.com:443 "GET /dl/cloudsdk/channels/rapid/RELEASE_NOTES HTTP/11" 200 1475962
2025-09-08 13:41:13,673 INFO     ___FILE_ONLY___ For the latest full release notes, please visit:
  https://cloud.google.com/sdk/release_notes


2025-09-08 13:41:13,673 INFO     ___FILE_ONLY___ Performing in place update...


2025-09-08 13:41:13,675 INFO     ___FILE_ONLY___ ╔════════════════════════════════════════════════════════════╗

2025-09-08 13:41:13,675 INFO     ___FILE_ONLY___ ╠═ Downloading: gcloud Alpha Commands                       ═╣

2025-09-08 13:41:13,675 INFO     ___FILE_ONLY___ ╚
2025-09-08 13:41:13,678 DEBUG    urllib3.connectionpool Starting new HTTPS connection (1): dl.google.com:443
2025-09-08 13:41:13,784 DEBUG    urllib3.connectionpool https://dl.google.com:443 "GET /dl/cloudsdk/channels/rapid/components/google-cloud-sdk-alpha-20250829143545.tar.gz HTTP/11" 200 800
2025-09-08 13:41:13,784 INFO     ___FILE_ONLY___ ════════════════════════════════════════════════════════════
2025-09-08 13:41:13,784 INFO     ___FILE_ONLY___ ╝

2025-09-08 13:41:13,786 INFO     ___FILE_ONLY___ ╔════════════════════════════════════════════════════════════╗

2025-09-08 13:41:13,786 INFO     ___FILE_ONLY___ ╠═ Downloading: gcloud Beta Commands                        ═╣

2025-09-08 13:41:13,786 INFO     ___FILE_ONLY___ ╚
2025-09-08 13:41:13,789 DEBUG    urllib3.connectionpool Starting new HTTPS connection (1): dl.google.com:443
2025-09-08 13:41:13,905 DEBUG    urllib3.connectionpool https://dl.google.com:443 "GET /dl/cloudsdk/channels/rapid/components/google-cloud-sdk-beta-20250829143545.tar.gz HTTP/11" 200 797
2025-09-08 13:41:13,906 INFO     ___FILE_ONLY___ ════════════════════════════════════════════════════════════
2025-09-08 13:41:13,906 INFO     ___FILE_ONLY___ ╝

2025-09-08 13:41:13,908 INFO     ___FILE_ONLY___ ╔════════════════════════════════════════════════════════════╗

2025-09-08 13:41:13,908 INFO     ___FILE_ONLY___ ╠═ Downloading: gcloud Preview Commands                     ═╣

2025-09-08 13:41:13,908 INFO     ___FILE_ONLY___ ╚
2025-09-08 13:41:13,910 DEBUG    urllib3.connectionpool Starting new HTTPS connection (1): dl.google.com:443
2025-09-08 13:41:14,038 DEBUG    urllib3.connectionpool https://dl.google.com:443 "GET /dl/cloudsdk/channels/rapid/components/google-cloud-sdk-preview-20241115154308.tar.gz HTTP/11" 200 823
2025-09-08 13:41:14,039 INFO     ___FILE_ONLY___ ════════════════════════════════════════════════════════════
2025-09-08 13:41:14,039 INFO     ___FILE_ONLY___ ╝

2025-09-08 13:41:14,041 INFO     ___FILE_ONLY___ ╔════════════════════════════════════════════════════════════╗

2025-09-08 13:41:14,041 INFO     ___FILE_ONLY___ ╠═ Installing: gcloud Alpha Commands                        ═╣

2025-09-08 13:41:14,041 INFO     ___FILE_ONLY___ ╚
2025-09-08 13:41:14,042 INFO     ___FILE_ONLY___ ════════════════════════════════════════════════════════════
2025-09-08 13:41:14,042 INFO     ___FILE_ONLY___ ╝

2025-09-08 13:41:14,047 INFO     ___FILE_ONLY___ ╔════════════════════════════════════════════════════════════╗

2025-09-08 13:41:14,047 INFO     ___FILE_ONLY___ ╠═ Installing: gcloud Beta Commands                         ═╣

2025-09-08 13:41:14,047 INFO     ___FILE_ONLY___ ╚
2025-09-08 13:41:14,047 INFO     ___FILE_ONLY___ ════════════════════════════════════════════════════════════
2025-09-08 13:41:14,048 INFO     ___FILE_ONLY___ ╝

2025-09-08 13:41:14,051 INFO     ___FILE_ONLY___ ╔════════════════════════════════════════════════════════════╗

2025-09-08 13:41:14,051 INFO     ___FILE_ONLY___ ╠═ Installing: gcloud Preview Commands                      ═╣

2025-09-08 13:41:14,051 INFO     ___FILE_ONLY___ ╚
2025-09-08 13:41:14,052 INFO     ___FILE_ONLY___ ════════════════════════════════════════════════════════════
2025-09-08 13:41:14,052 INFO     ___FILE_ONLY___ ╝

2025-09-08 13:41:14,057 DEBUG    root            Updating notification cache...
2025-09-08 13:41:14,057 INFO     ___FILE_ONLY___ 

2025-09-08 13:41:14,058 INFO     ___FILE_ONLY___ Performing post processing steps...
2025-09-08 13:41:14,059 DEBUG    root            Executing command: ['/tools/google-cloud-sdk/bin/gcloud', 'components', 'post-process']
2025-09-08 13:41:22,429 DEBUG    ___FILE_ONLY___ 
2025-09-08 13:41:22,430 DEBUG    ___FILE_ONLY___ 
2025-09-08 13:41:22,570 INFO     root            descriptor_list: [{'universeDomain': 'googleapis.com', 'universeShortName': '', 'authenticationDomain': 'auth.cloud.google.com', 'projectPrefix': '', 'cloudWebDomain': 'cloud.google.com', 'documentationDomain': 'cloud.google.com', 'version': '1.0.0', 'state': 'primary', 'artifactRegistryDomain': 'pkg.dev'}]
2025-09-08 13:41:22,570 INFO     ___FILE_ONLY___ 
Update done!


2025-09-08 13:41:22,573 DEBUG    root            Chosen display Format:none
2025-09-08 13:41:22,573 INFO     root            Display format: "none"
